<?xml version='1.0' encoding='UTF-8'?>
<testsuite hostname="C9179" name="quickcheck.QuickCheckBinomialHeap" tests="8" errors="0" failures="0" skipped="0" time="-0.008" timestamp="2020-10-15T19:43:37">
                     <properties>
[...]
</properties>
                     <testcase classname="quickcheck.QuickCheckBinomialHeap" name="gen1" time="-0.001">
                                                 
                                               </testcase><testcase classname="quickcheck.QuickCheckBinomialHeap" name="Min after a and b inserted to empty is min(a, b)" time="-0.001">
                                                 
                                               </testcase><testcase classname="quickcheck.QuickCheckBinomialHeap" name="Insert into empty and deleteMin results in empty heap" time="-0.001">
                                                 
                                               </testcase><testcase classname="quickcheck.QuickCheckBinomialHeap" name="Finding min of two melded results is min of h1 or min of h2" time="-0.001">
                                                 
                                               </testcase><testcase classname="quickcheck.QuickCheckBinomialHeap" name="Finding a minimum of heap melded with empty heap should return minimum of the heap" time="-0.001">
                                                 
                                               </testcase><testcase classname="quickcheck.QuickCheckBinomialHeap" name="Recursively finding and deleting mins in a heap should return sorted elements" time="-0.001">
                                                 
                                               </testcase><testcase classname="quickcheck.QuickCheckBinomialHeap" name="Finding min of two melded identical heaps should return a minimum of one or the other" time="-0.001">
                                                 
                                               </testcase><testcase classname="quickcheck.QuickCheckBinomialHeap" name="Min of 2 heaps should be the same min after moving it from h1 to h2 and melding" time="-0.001">
                                                 
                                               </testcase>
                     <system-out><![CDATA[]]></system-out>
                     <system-err><![CDATA[]]></system-err>
                   </testsuite>